<?xml version="1.0" encoding="UTF-8"?>
<!-- Generated by org.testng.reporters.JUnitReportReporter -->
<testsuite skipped="0" hostname="ojt15-PC" name="DriverFactory.AppTest" tests="1" failures="0" timestamp="21 Aug 2019 02:58:51 GMT" time="30.771" errors="0">
  <testcase name="kickStart" time="30.771" classname="DriverFactory.AppTest"/>
</testsuite> <!-- DriverFactory.AppTest -->
